Training the model...
Dataset already present at /gpfs/home4/scur1882/experimentation/word2vec-from-scratch/data/text8
Downloaded and loaded text8 dataset, number of tokens: 3000000
Crating vocabulary...
Vocabulary size: 27321
Encoding tokens with subsampling...
Number of tokens after encoding and subsampling: 1984215
Estimated training steps: 7,936,860 (epochs=1, tokens=1,984,215, max_window=3)
Step 500000, Avg Loss: 2.6912, Elapsed: 189.88s
Step 1000000, Avg Loss: 2.5652, Elapsed: 379.71s
Step 1500000, Avg Loss: 2.4759, Elapsed: 569.11s
Step 2000000, Avg Loss: 2.4139, Elapsed: 758.73s
Step 2500000, Avg Loss: 2.3657, Elapsed: 948.19s
Step 3000000, Avg Loss: 2.3234, Elapsed: 1137.72s
Step 3500000, Avg Loss: 2.2986, Elapsed: 1327.37s
Step 4000000, Avg Loss: 2.2777, Elapsed: 1516.92s
Step 4500000, Avg Loss: 2.2626, Elapsed: 1706.45s
Step 5000000, Avg Loss: 2.2514, Elapsed: 1895.87s
Step 5500000, Avg Loss: 2.2427, Elapsed: 2085.25s
Step 6000000, Avg Loss: 2.2352, Elapsed: 2274.60s
Step 6500000, Avg Loss: 2.2282, Elapsed: 2464.01s
Step 7000000, Avg Loss: 2.2244, Elapsed: 2653.45s
Step 7500000, Avg Loss: 2.2223, Elapsed: 2842.88s
Epoch 1/1 done! avg loss 2.2224
Training completed in 3008.91s, Total Loss: 17642487.5486
Saved loss data to /gpfs/home4/scur1882/experimentation/word2vec-from-scratch/output/snellius-fast/loss_snellius-fast.npz
Saved loss plot to /gpfs/home4/scur1882/experimentation/word2vec-from-scratch/output/snellius-fast/loss_snellius-fast.png
